{"C:\\Users\\360WEB\\DeliveryAppMobile\\src\\components\\AddressAutocomplete.tsx": {"path":"C:\\Users\\360WEB\\DeliveryAppMobile\\src\\components\\AddressAutocomplete.tsx","statementMap":{"0":{"start":{"line":37,"column":64},"end":{"line":244,"column":1}},"1":{"start":{"line":47,"column":38},"end":{"line":47,"column":68}},"2":{"start":{"line":48,"column":42},"end":{"line":48,"column":66}},"3":{"start":{"line":49,"column":50},"end":{"line":49,"column":98}},"4":{"start":{"line":50,"column":48},"end":{"line":50,"column":86}},"5":{"start":{"line":51,"column":28},"end":{"line":51,"column":57}},"6":{"start":{"line":52,"column":36},"end":{"line":52,"column":60}},"7":{"start":{"line":55,"column":30},"end":{"line":94,"column":3}},"8":{"start":{"line":57,"column":6},"end":{"line":63,"column":7}},"9":{"start":{"line":58,"column":8},"end":{"line":58,"column":34}},"10":{"start":{"line":59,"column":8},"end":{"line":59,"column":33}},"11":{"start":{"line":60,"column":8},"end":{"line":60,"column":23}},"12":{"start":{"line":61,"column":8},"end":{"line":61,"column":43}},"13":{"start":{"line":62,"column":8},"end":{"line":62,"column":15}},"14":{"start":{"line":65,"column":6},"end":{"line":65,"column":28}},"15":{"start":{"line":66,"column":6},"end":{"line":66,"column":21}},"16":{"start":{"line":68,"column":6},"end":{"line":91,"column":7}},"17":{"start":{"line":69,"column":34},"end":{"line":72,"column":9}},"18":{"start":{"line":74,"column":8},"end":{"line":74,"column":36}},"19":{"start":{"line":75,"column":8},"end":{"line":75,"column":34}},"20":{"start":{"line":77,"column":24},"end":{"line":77,"column":60}},"21":{"start":{"line":78,"column":8},"end":{"line":78,"column":67}},"22":{"start":{"line":80,"column":8},"end":{"line":82,"column":9}},"23":{"start":{"line":81,"column":10},"end":{"line":81,"column":36}},"24":{"start":{"line":84,"column":8},"end":{"line":84,"column":56}},"25":{"start":{"line":85,"column":8},"end":{"line":85,"column":75}},"26":{"start":{"line":86,"column":8},"end":{"line":86,"column":34}},"27":{"start":{"line":87,"column":8},"end":{"line":87,"column":33}},"28":{"start":{"line":88,"column":8},"end":{"line":88,"column":43}},"29":{"start":{"line":90,"column":8},"end":{"line":90,"column":31}},"30":{"start":{"line":97,"column":2},"end":{"line":101,"column":54}},"31":{"start":{"line":98,"column":4},"end":{"line":100,"column":5}},"32":{"start":{"line":99,"column":6},"end":{"line":99,"column":38}},"33":{"start":{"line":104,"column":28},"end":{"line":106,"column":3}},"34":{"start":{"line":105,"column":4},"end":{"line":105,"column":24}},"35":{"start":{"line":109,"column":22},"end":{"line":111,"column":3}},"36":{"start":{"line":110,"column":4},"end":{"line":110,"column":23}},"37":{"start":{"line":114,"column":21},"end":{"line":116,"column":3}},"38":{"start":{"line":115,"column":4},"end":{"line":115,"column":24}},"39":{"start":{"line":119,"column":28},"end":{"line":124,"column":3}},"40":{"start":{"line":120,"column":4},"end":{"line":123,"column":5}},"41":{"start":{"line":121,"column":6},"end":{"line":121,"column":35}},"42":{"start":{"line":122,"column":6},"end":{"line":122,"column":38}},"43":{"start":{"line":127,"column":32},"end":{"line":165,"column":3}},"44":{"start":{"line":128,"column":4},"end":{"line":135,"column":5}},"45":{"start":{"line":129,"column":6},"end":{"line":134,"column":8}},"46":{"start":{"line":137,"column":4},"end":{"line":153,"column":5}},"47":{"start":{"line":138,"column":6},"end":{"line":152,"column":8}},"48":{"start":{"line":155,"column":4},"end":{"line":162,"column":5}},"49":{"start":{"line":156,"column":6},"end":{"line":161,"column":8}},"50":{"start":{"line":164,"column":4},"end":{"line":164,"column":16}},"51":{"start":{"line":168,"column":28},"end":{"line":173,"column":3}},"52":{"start":{"line":169,"column":4},"end":{"line":171,"column":5}},"53":{"start":{"line":170,"column":6},"end":{"line":170,"column":80}},"54":{"start":{"line":172,"column":4},"end":{"line":172,"column":22}},"55":{"start":{"line":175,"column":2},"end":{"line":243,"column":4}},"56":{"start":{"line":246,"column":15},"end":{"line":375,"column":2}}},"fnMap":{"0":{"name":"(anonymous_0)","decl":{"start":{"line":37,"column":64},"end":{"line":37,"column":65}},"loc":{"start":{"line":46,"column":6},"end":{"line":244,"column":1}},"line":46},"1":{"name":"(anonymous_1)","decl":{"start":{"line":56,"column":13},"end":{"line":56,"column":14}},"loc":{"start":{"line":56,"column":40},"end":{"line":92,"column":5}},"line":56},"2":{"name":"(anonymous_2)","decl":{"start":{"line":97,"column":12},"end":{"line":97,"column":13}},"loc":{"start":{"line":97,"column":18},"end":{"line":101,"column":3}},"line":97},"3":{"name":"(anonymous_3)","decl":{"start":{"line":104,"column":28},"end":{"line":104,"column":29}},"loc":{"start":{"line":104,"column":46},"end":{"line":106,"column":3}},"line":104},"4":{"name":"(anonymous_4)","decl":{"start":{"line":109,"column":22},"end":{"line":109,"column":23}},"loc":{"start":{"line":109,"column":28},"end":{"line":111,"column":3}},"line":109},"5":{"name":"(anonymous_5)","decl":{"start":{"line":114,"column":21},"end":{"line":114,"column":22}},"loc":{"start":{"line":114,"column":27},"end":{"line":116,"column":3}},"line":114},"6":{"name":"(anonymous_6)","decl":{"start":{"line":119,"column":28},"end":{"line":119,"column":29}},"loc":{"start":{"line":119,"column":34},"end":{"line":124,"column":3}},"line":119},"7":{"name":"(anonymous_7)","decl":{"start":{"line":127,"column":32},"end":{"line":127,"column":33}},"loc":{"start":{"line":127,"column":38},"end":{"line":165,"column":3}},"line":127},"8":{"name":"(anonymous_8)","decl":{"start":{"line":168,"column":28},"end":{"line":168,"column":29}},"loc":{"start":{"line":168,"column":34},"end":{"line":173,"column":3}},"line":168}},"branchMap":{"0":{"loc":{"start":{"line":38,"column":2},"end":{"line":38,"column":34}},"type":"default-arg","locations":[{"start":{"line":38,"column":16},"end":{"line":38,"column":34}}],"line":38},"1":{"loc":{"start":{"line":39,"column":2},"end":{"line":39,"column":19}},"type":"default-arg","locations":[{"start":{"line":39,"column":17},"end":{"line":39,"column":19}}],"line":39},"2":{"loc":{"start":{"line":40,"column":2},"end":{"line":40,"column":20}},"type":"default-arg","locations":[{"start":{"line":40,"column":16},"end":{"line":40,"column":20}}],"line":40},"3":{"loc":{"start":{"line":44,"column":2},"end":{"line":44,"column":17}},"type":"default-arg","locations":[{"start":{"line":44,"column":13},"end":{"line":44,"column":17}}],"line":44},"4":{"loc":{"start":{"line":45,"column":2},"end":{"line":45,"column":18}},"type":"default-arg","locations":[{"start":{"line":45,"column":13},"end":{"line":45,"column":18}}],"line":45},"5":{"loc":{"start":{"line":57,"column":6},"end":{"line":63,"column":7}},"type":"if","locations":[{"start":{"line":57,"column":6},"end":{"line":63,"column":7}},{"start":{},"end":{}}],"line":57},"6":{"loc":{"start":{"line":57,"column":10},"end":{"line":57,"column":48}},"type":"binary-expr","locations":[{"start":{"line":57,"column":10},"end":{"line":57,"column":25}},{"start":{"line":57,"column":29},"end":{"line":57,"column":48}}],"line":57},"7":{"loc":{"start":{"line":80,"column":8},"end":{"line":82,"column":9}},"type":"if","locations":[{"start":{"line":80,"column":8},"end":{"line":82,"column":9}},{"start":{},"end":{}}],"line":80},"8":{"loc":{"start":{"line":80,"column":12},"end":{"line":80,"column":61}},"type":"binary-expr","locations":[{"start":{"line":80,"column":12},"end":{"line":80,"column":19}},{"start":{"line":80,"column":23},"end":{"line":80,"column":61}}],"line":80},"9":{"loc":{"start":{"line":85,"column":17},"end":{"line":85,"column":73}},"type":"cond-expr","locations":[{"start":{"line":85,"column":40},"end":{"line":85,"column":51}},{"start":{"line":85,"column":54},"end":{"line":85,"column":73}}],"line":85},"10":{"loc":{"start":{"line":98,"column":4},"end":{"line":100,"column":5}},"type":"if","locations":[{"start":{"line":98,"column":4},"end":{"line":100,"column":5}},{"start":{},"end":{}}],"line":98},"11":{"loc":{"start":{"line":120,"column":4},"end":{"line":123,"column":5}},"type":"if","locations":[{"start":{"line":120,"column":4},"end":{"line":123,"column":5}},{"start":{},"end":{}}],"line":120},"12":{"loc":{"start":{"line":128,"column":4},"end":{"line":135,"column":5}},"type":"if","locations":[{"start":{"line":128,"column":4},"end":{"line":135,"column":5}},{"start":{},"end":{}}],"line":128},"13":{"loc":{"start":{"line":137,"column":4},"end":{"line":153,"column":5}},"type":"if","locations":[{"start":{"line":137,"column":4},"end":{"line":153,"column":5}},{"start":{},"end":{}}],"line":137},"14":{"loc":{"start":{"line":155,"column":4},"end":{"line":162,"column":5}},"type":"if","locations":[{"start":{"line":155,"column":4},"end":{"line":162,"column":5}},{"start":{},"end":{}}],"line":155},"15":{"loc":{"start":{"line":169,"column":4},"end":{"line":171,"column":5}},"type":"if","locations":[{"start":{"line":169,"column":4},"end":{"line":171,"column":5}},{"start":{},"end":{}}],"line":169},"16":{"loc":{"start":{"line":182,"column":12},"end":{"line":182,"column":48}},"type":"binary-expr","locations":[{"start":{"line":182,"column":12},"end":{"line":182,"column":21}},{"start":{"line":182,"column":25},"end":{"line":182,"column":48}}],"line":182},"17":{"loc":{"start":{"line":183,"column":12},"end":{"line":183,"column":42}},"type":"binary-expr","locations":[{"start":{"line":183,"column":12},"end":{"line":183,"column":17}},{"start":{"line":183,"column":21},"end":{"line":183,"column":42}}],"line":183},"18":{"loc":{"start":{"line":184,"column":12},"end":{"line":184,"column":84}},"type":"binary-expr","locations":[{"start":{"line":184,"column":12},"end":{"line":184,"column":59}},{"start":{"line":184,"column":63},"end":{"line":184,"column":84}}],"line":184},"19":{"loc":{"start":{"line":200,"column":9},"end":{"line":210,"column":9}},"type":"binary-expr","locations":[{"start":{"line":200,"column":9},"end":{"line":200,"column":30}},{"start":{"line":201,"column":10},"end":{"line":209,"column":29}}],"line":200},"20":{"loc":{"start":{"line":207,"column":15},"end":{"line":207,"column":41}},"type":"cond-expr","locations":[{"start":{"line":207,"column":30},"end":{"line":207,"column":35}},{"start":{"line":207,"column":38},"end":{"line":207,"column":41}}],"line":207},"21":{"loc":{"start":{"line":214,"column":7},"end":{"line":216,"column":7}},"type":"binary-expr","locations":[{"start":{"line":214,"column":7},"end":{"line":214,"column":15}},{"start":{"line":215,"column":8},"end":{"line":215,"column":65}}],"line":214},"22":{"loc":{"start":{"line":222,"column":7},"end":{"line":236,"column":7}},"type":"binary-expr","locations":[{"start":{"line":222,"column":7},"end":{"line":222,"column":23}},{"start":{"line":223,"column":8},"end":{"line":235,"column":15}}],"line":222},"23":{"loc":{"start":{"line":230,"column":11},"end":{"line":234,"column":11}},"type":"binary-expr","locations":[{"start":{"line":230,"column":11},"end":{"line":230,"column":36}},{"start":{"line":230,"column":40},"end":{"line":230,"column":66}},{"start":{"line":231,"column":12},"end":{"line":233,"column":19}}],"line":230},"24":{"loc":{"start":{"line":240,"column":25},"end":{"line":240,"column":74}},"type":"cond-expr","locations":[{"start":{"line":240,"column":48},"end":{"line":240,"column":63}},{"start":{"line":240,"column":66},"end":{"line":240,"column":74}}],"line":240}},"s":{"0":1,"1":3,"2":3,"3":3,"4":3,"5":3,"6":3,"7":3,"8":0,"9":0,"10":0,"11":0,"12":0,"13":0,"14":0,"15":0,"16":0,"17":0,"18":0,"19":0,"20":0,"21":0,"22":0,"23":0,"24":0,"25":0,"26":0,"27":0,"28":0,"29":0,"30":3,"31":3,"32":0,"33":3,"34":0,"35":3,"36":0,"37":3,"38":0,"39":3,"40":0,"41":0,"42":0,"43":3,"44":3,"45":0,"46":3,"47":0,"48":3,"49":0,"50":3,"51":3,"52":0,"53":0,"54":0,"55":3,"56":1},"f":{"0":3,"1":0,"2":3,"3":0,"4":0,"5":0,"6":0,"7":3,"8":0},"b":{"0":[2],"1":[2],"2":[3],"3":[3],"4":[3],"5":[0,0],"6":[0,0],"7":[0,0],"8":[0,0],"9":[0,0],"10":[0,3],"11":[0,0],"12":[0,3],"13":[0,3],"14":[0,3],"15":[0,0],"16":[3,0],"17":[3,0],"18":[3,0],"19":[3,1],"20":[0,1],"21":[3,0],"22":[3,0],"23":[0,0,0],"24":[3,0]},"_coverageSchema":"1a1c01bbd47fc00a2c39e90264f33305004495a9","hash":"ee65245e997969ac97bef5a4ede78285e551057b"}
,"C:\\Users\\360WEB\\DeliveryAppMobile\\src\\config\\api.ts": {"path":"C:\\Users\\360WEB\\DeliveryAppMobile\\src\\config\\api.ts","statementMap":{"0":{"start":{"line":14,"column":22},"end":{"line":94,"column":1}},"1":{"start":{"line":15,"column":2},"end":{"line":20,"column":5}},"2":{"start":{"line":23,"column":2},"end":{"line":26,"column":3}},"3":{"start":{"line":24,"column":4},"end":{"line":24,"column":107}},"4":{"start":{"line":25,"column":4},"end":{"line":25,"column":50}},"5":{"start":{"line":29,"column":2},"end":{"line":41,"column":3}},"6":{"start":{"line":32,"column":18},"end":{"line":32,"column":57}},"7":{"start":{"line":33,"column":4},"end":{"line":40,"column":5}},"8":{"start":{"line":34,"column":27},"end":{"line":34,"column":49}},"9":{"start":{"line":35,"column":6},"end":{"line":39,"column":7}},"10":{"start":{"line":36,"column":33},"end":{"line":36,"column":67}},"11":{"start":{"line":37,"column":8},"end":{"line":37,"column":77}},"12":{"start":{"line":38,"column":8},"end":{"line":38,"column":32}},"13":{"start":{"line":44,"column":2},"end":{"line":47,"column":3}},"14":{"start":{"line":45,"column":4},"end":{"line":45,"column":51}},"15":{"start":{"line":46,"column":4},"end":{"line":46,"column":35}},"16":{"start":{"line":50,"column":2},"end":{"line":85,"column":3}},"17":{"start":{"line":51,"column":20},"end":{"line":51,"column":41}},"18":{"start":{"line":52,"column":4},"end":{"line":82,"column":5}},"19":{"start":{"line":53,"column":22},"end":{"line":53,"column":47}},"20":{"start":{"line":54,"column":6},"end":{"line":54,"column":50}},"21":{"start":{"line":57,"column":27},"end":{"line":59,"column":7}},"22":{"start":{"line":61,"column":6},"end":{"line":81,"column":7}},"23":{"start":{"line":62,"column":8},"end":{"line":80,"column":9}},"24":{"start":{"line":63,"column":10},"end":{"line":63,"column":50}},"25":{"start":{"line":64,"column":29},"end":{"line":64,"column":50}},"26":{"start":{"line":65,"column":28},"end":{"line":65,"column":70}},"27":{"start":{"line":65,"column":45},"end":{"line":65,"column":63}},"28":{"start":{"line":67,"column":27},"end":{"line":70,"column":12}},"29":{"start":{"line":72,"column":10},"end":{"line":72,"column":34}},"30":{"start":{"line":74,"column":10},"end":{"line":77,"column":11}},"31":{"start":{"line":75,"column":12},"end":{"line":75,"column":56}},"32":{"start":{"line":76,"column":12},"end":{"line":76,"column":23}},"33":{"start":{"line":79,"column":10},"end":{"line":79,"column":63}},"34":{"start":{"line":84,"column":4},"end":{"line":84,"column":58}},"35":{"start":{"line":88,"column":2},"end":{"line":88,"column":56}},"36":{"start":{"line":90,"column":2},"end":{"line":90,"column":40}},"37":{"start":{"line":99,"column":29},"end":{"line":101,"column":1}},"38":{"start":{"line":100,"column":2},"end":{"line":100,"column":31}},"39":{"start":{"line":105,"column":0},"end":{"line":105,"column":53}},"40":{"start":{"line":105,"column":30},"end":{"line":105,"column":49}},"41":{"start":{"line":108,"column":25},"end":{"line":111,"column":1}},"42":{"start":{"line":109,"column":18},"end":{"line":109,"column":39}},"43":{"start":{"line":110,"column":2},"end":{"line":110,"column":37}},"44":{"start":{"line":114,"column":31},"end":{"line":145,"column":1}},"45":{"start":{"line":115,"column":17},"end":{"line":115,"column":34}},"46":{"start":{"line":117,"column":2},"end":{"line":144,"column":4}},"47":{"start":{"line":149,"column":0},"end":{"line":149,"column":68}},"48":{"start":{"line":149,"column":38},"end":{"line":149,"column":64}},"49":{"start":{"line":153,"column":0},"end":{"line":153,"column":44}},"50":{"start":{"line":153,"column":26},"end":{"line":153,"column":40}},"51":{"start":{"line":156,"column":34},"end":{"line":173,"column":1}},"52":{"start":{"line":157,"column":2},"end":{"line":172,"column":3}},"53":{"start":{"line":158,"column":22},"end":{"line":158,"column":45}},"54":{"start":{"line":159,"column":23},"end":{"line":159,"column":44}},"55":{"start":{"line":160,"column":22},"end":{"line":160,"column":64}},"56":{"start":{"line":160,"column":39},"end":{"line":160,"column":57}},"57":{"start":{"line":162,"column":21},"end":{"line":165,"column":6}},"58":{"start":{"line":167,"column":4},"end":{"line":167,"column":28}},"59":{"start":{"line":168,"column":4},"end":{"line":168,"column":23}},"60":{"start":{"line":170,"column":4},"end":{"line":170,"column":57}},"61":{"start":{"line":171,"column":4},"end":{"line":171,"column":17}},"62":{"start":{"line":176,"column":34},"end":{"line":179,"column":1}},"63":{"start":{"line":177,"column":2},"end":{"line":177,"column":68}},"64":{"start":{"line":178,"column":2},"end":{"line":178,"column":31}},"65":{"start":{"line":182,"column":28},"end":{"line":191,"column":1}},"66":{"start":{"line":183,"column":17},"end":{"line":183,"column":34}},"67":{"start":{"line":184,"column":2},"end":{"line":190,"column":4}},"68":{"start":{"line":195,"column":0},"end":{"line":195,"column":56}},"69":{"start":{"line":195,"column":32},"end":{"line":195,"column":52}},"70":{"start":{"line":198,"column":31},"end":{"line":208,"column":1}},"71":{"start":{"line":199,"column":17},"end":{"line":199,"column":34}},"72":{"start":{"line":200,"column":2},"end":{"line":207,"column":4}},"73":{"start":{"line":211,"column":0},"end":{"line":215,"column":1}},"74":{"start":{"line":212,"column":2},"end":{"line":214,"column":5}},"75":{"start":{"line":213,"column":4},"end":{"line":213,"column":63}}},"fnMap":{"0":{"name":"(anonymous_0)","decl":{"start":{"line":14,"column":22},"end":{"line":14,"column":23}},"loc":{"start":{"line":14,"column":51},"end":{"line":94,"column":1}},"line":14},"1":{"name":"(anonymous_1)","decl":{"start":{"line":65,"column":39},"end":{"line":65,"column":40}},"loc":{"start":{"line":65,"column":45},"end":{"line":65,"column":63}},"line":65},"2":{"name":"(anonymous_2)","decl":{"start":{"line":99,"column":29},"end":{"line":99,"column":30}},"loc":{"start":{"line":99,"column":58},"end":{"line":101,"column":1}},"line":99},"3":{"name":"(anonymous_3)","decl":{"start":{"line":105,"column":21},"end":{"line":105,"column":22}},"loc":{"start":{"line":105,"column":28},"end":{"line":105,"column":51}},"line":105},"4":{"name":"(anonymous_4)","decl":{"start":{"line":108,"column":25},"end":{"line":108,"column":26}},"loc":{"start":{"line":108,"column":54},"end":{"line":111,"column":1}},"line":108},"5":{"name":"(anonymous_5)","decl":{"start":{"line":114,"column":31},"end":{"line":114,"column":32}},"loc":{"start":{"line":114,"column":43},"end":{"line":145,"column":1}},"line":114},"6":{"name":"(anonymous_6)","decl":{"start":{"line":149,"column":23},"end":{"line":149,"column":24}},"loc":{"start":{"line":149,"column":36},"end":{"line":149,"column":66}},"line":149},"7":{"name":"(anonymous_7)","decl":{"start":{"line":153,"column":17},"end":{"line":153,"column":18}},"loc":{"start":{"line":153,"column":24},"end":{"line":153,"column":42}},"line":153},"8":{"name":"(anonymous_8)","decl":{"start":{"line":156,"column":34},"end":{"line":156,"column":35}},"loc":{"start":{"line":156,"column":64},"end":{"line":173,"column":1}},"line":156},"9":{"name":"(anonymous_9)","decl":{"start":{"line":160,"column":33},"end":{"line":160,"column":34}},"loc":{"start":{"line":160,"column":39},"end":{"line":160,"column":57}},"line":160},"10":{"name":"(anonymous_10)","decl":{"start":{"line":176,"column":34},"end":{"line":176,"column":35}},"loc":{"start":{"line":176,"column":63},"end":{"line":179,"column":1}},"line":176},"11":{"name":"(anonymous_11)","decl":{"start":{"line":182,"column":28},"end":{"line":182,"column":29}},"loc":{"start":{"line":182,"column":40},"end":{"line":191,"column":1}},"line":182},"12":{"name":"(anonymous_12)","decl":{"start":{"line":195,"column":20},"end":{"line":195,"column":21}},"loc":{"start":{"line":195,"column":30},"end":{"line":195,"column":54}},"line":195},"13":{"name":"(anonymous_13)","decl":{"start":{"line":198,"column":31},"end":{"line":198,"column":32}},"loc":{"start":{"line":198,"column":43},"end":{"line":208,"column":1}},"line":198},"14":{"name":"(anonymous_14)","decl":{"start":{"line":212,"column":25},"end":{"line":212,"column":26}},"loc":{"start":{"line":212,"column":38},"end":{"line":214,"column":3}},"line":212}},"branchMap":{"0":{"loc":{"start":{"line":23,"column":2},"end":{"line":26,"column":3}},"type":"if","locations":[{"start":{"line":23,"column":2},"end":{"line":26,"column":3}},{"start":{},"end":{}}],"line":23},"1":{"loc":{"start":{"line":29,"column":2},"end":{"line":41,"column":3}},"type":"if","locations":[{"start":{"line":29,"column":2},"end":{"line":41,"column":3}},{"start":{},"end":{}}],"line":29},"2":{"loc":{"start":{"line":33,"column":4},"end":{"line":40,"column":5}},"type":"if","locations":[{"start":{"line":33,"column":4},"end":{"line":40,"column":5}},{"start":{},"end":{}}],"line":33},"3":{"loc":{"start":{"line":35,"column":6},"end":{"line":39,"column":7}},"type":"if","locations":[{"start":{"line":35,"column":6},"end":{"line":39,"column":7}},{"start":{},"end":{}}],"line":35},"4":{"loc":{"start":{"line":35,"column":10},"end":{"line":35,"column":82}},"type":"binary-expr","locations":[{"start":{"line":35,"column":10},"end":{"line":35,"column":45}},{"start":{"line":35,"column":49},"end":{"line":35,"column":82}}],"line":35},"5":{"loc":{"start":{"line":44,"column":2},"end":{"line":47,"column":3}},"type":"if","locations":[{"start":{"line":44,"column":2},"end":{"line":47,"column":3}},{"start":{},"end":{}}],"line":44},"6":{"loc":{"start":{"line":52,"column":4},"end":{"line":82,"column":5}},"type":"if","locations":[{"start":{"line":52,"column":4},"end":{"line":82,"column":5}},{"start":{},"end":{}}],"line":52},"7":{"loc":{"start":{"line":52,"column":8},"end":{"line":52,"column":61}},"type":"binary-expr","locations":[{"start":{"line":52,"column":8},"end":{"line":52,"column":31}},{"start":{"line":52,"column":35},"end":{"line":52,"column":61}}],"line":52},"8":{"loc":{"start":{"line":74,"column":10},"end":{"line":77,"column":11}},"type":"if","locations":[{"start":{"line":74,"column":10},"end":{"line":77,"column":11}},{"start":{},"end":{}}],"line":74},"9":{"loc":{"start":{"line":205,"column":19},"end":{"line":205,"column":79}},"type":"binary-expr","locations":[{"start":{"line":205,"column":19},"end":{"line":205,"column":48}},{"start":{"line":205,"column":52},"end":{"line":205,"column":79}}],"line":205},"10":{"loc":{"start":{"line":211,"column":0},"end":{"line":215,"column":1}},"type":"if","locations":[{"start":{"line":211,"column":0},"end":{"line":215,"column":1}},{"start":{},"end":{}}],"line":211}},"s":{"0":0,"1":0,"2":0,"3":0,"4":0,"5":0,"6":0,"7":0,"8":0,"9":0,"10":0,"11":0,"12":0,"13":0,"14":0,"15":0,"16":0,"17":0,"18":0,"19":0,"20":0,"21":0,"22":0,"23":0,"24":0,"25":0,"26":0,"27":0,"28":0,"29":0,"30":0,"31":0,"32":0,"33":0,"34":0,"35":0,"36":0,"37":0,"38":0,"39":0,"40":0,"41":0,"42":0,"43":0,"44":0,"45":0,"46":0,"47":0,"48":0,"49":0,"50":0,"51":0,"52":0,"53":0,"54":0,"55":0,"56":0,"57":0,"58":0,"59":0,"60":0,"61":0,"62":0,"63":0,"64":0,"65":0,"66":0,"67":0,"68":0,"69":0,"70":0,"71":0,"72":0,"73":0,"74":0,"75":0},"f":{"0":0,"1":0,"2":0,"3":0,"4":0,"5":0,"6":0,"7":0,"8":0,"9":0,"10":0,"11":0,"12":0,"13":0,"14":0},"b":{"0":[0,0],"1":[0,0],"2":[0,0],"3":[0,0],"4":[0,0],"5":[0,0],"6":[0,0],"7":[0,0],"8":[0,0],"9":[0,0],"10":[0,0]}}
,"C:\\Users\\360WEB\\DeliveryAppMobile\\src\\config\\api.ts20260103.ts": {"path":"C:\\Users\\360WEB\\DeliveryAppMobile\\src\\config\\api.ts20260103.ts","statementMap":{"0":{"start":{"line":10,"column":22},"end":{"line":33,"column":1}},"1":{"start":{"line":11,"column":2},"end":{"line":15,"column":5}},"2":{"start":{"line":18,"column":2},"end":{"line":21,"column":3}},"3":{"start":{"line":19,"column":4},"end":{"line":19,"column":51}},"4":{"start":{"line":20,"column":4},"end":{"line":20,"column":35}},"5":{"start":{"line":24,"column":2},"end":{"line":27,"column":3}},"6":{"start":{"line":25,"column":4},"end":{"line":25,"column":55}},"7":{"start":{"line":26,"column":4},"end":{"line":26,"column":49}},"8":{"start":{"line":30,"column":2},"end":{"line":30,"column":69}},"9":{"start":{"line":31,"column":2},"end":{"line":31,"column":92}},"10":{"start":{"line":36,"column":28},"end":{"line":36,"column":43}},"11":{"start":{"line":43,"column":23},"end":{"line":43,"column":55}},"12":{"start":{"line":46,"column":29},"end":{"line":73,"column":1}},"13":{"start":{"line":76,"column":34},"end":{"line":92,"column":1}},"14":{"start":{"line":77,"column":2},"end":{"line":91,"column":3}},"15":{"start":{"line":78,"column":23},"end":{"line":78,"column":44}},"16":{"start":{"line":79,"column":22},"end":{"line":79,"column":64}},"17":{"start":{"line":79,"column":39},"end":{"line":79,"column":57}},"18":{"start":{"line":81,"column":21},"end":{"line":84,"column":6}},"19":{"start":{"line":86,"column":4},"end":{"line":86,"column":28}},"20":{"start":{"line":87,"column":4},"end":{"line":87,"column":23}},"21":{"start":{"line":89,"column":4},"end":{"line":89,"column":57}},"22":{"start":{"line":90,"column":4},"end":{"line":90,"column":17}},"23":{"start":{"line":95,"column":34},"end":{"line":103,"column":1}},"24":{"start":{"line":97,"column":2},"end":{"line":97,"column":60}},"25":{"start":{"line":100,"column":2},"end":{"line":100,"column":57}},"26":{"start":{"line":102,"column":2},"end":{"line":102,"column":22}},"27":{"start":{"line":106,"column":26},"end":{"line":112,"column":1}},"28":{"start":{"line":115,"column":31},"end":{"line":124,"column":1}},"29":{"start":{"line":116,"column":2},"end":{"line":123,"column":4}},"30":{"start":{"line":127,"column":0},"end":{"line":129,"column":1}},"31":{"start":{"line":128,"column":2},"end":{"line":128,"column":69}}},"fnMap":{"0":{"name":"(anonymous_0)","decl":{"start":{"line":10,"column":22},"end":{"line":10,"column":23}},"loc":{"start":{"line":10,"column":36},"end":{"line":33,"column":1}},"line":10},"1":{"name":"(anonymous_1)","decl":{"start":{"line":76,"column":34},"end":{"line":76,"column":35}},"loc":{"start":{"line":76,"column":64},"end":{"line":92,"column":1}},"line":76},"2":{"name":"(anonymous_2)","decl":{"start":{"line":79,"column":33},"end":{"line":79,"column":34}},"loc":{"start":{"line":79,"column":39},"end":{"line":79,"column":57}},"line":79},"3":{"name":"(anonymous_3)","decl":{"start":{"line":95,"column":34},"end":{"line":95,"column":35}},"loc":{"start":{"line":95,"column":63},"end":{"line":103,"column":1}},"line":95},"4":{"name":"(anonymous_4)","decl":{"start":{"line":115,"column":31},"end":{"line":115,"column":32}},"loc":{"start":{"line":115,"column":37},"end":{"line":124,"column":1}},"line":115}},"branchMap":{"0":{"loc":{"start":{"line":18,"column":2},"end":{"line":21,"column":3}},"type":"if","locations":[{"start":{"line":18,"column":2},"end":{"line":21,"column":3}},{"start":{},"end":{}}],"line":18},"1":{"loc":{"start":{"line":24,"column":2},"end":{"line":27,"column":3}},"type":"if","locations":[{"start":{"line":24,"column":2},"end":{"line":27,"column":3}},{"start":{},"end":{}}],"line":24},"2":{"loc":{"start":{"line":121,"column":19},"end":{"line":121,"column":77}},"type":"binary-expr","locations":[{"start":{"line":121,"column":19},"end":{"line":121,"column":47}},{"start":{"line":121,"column":51},"end":{"line":121,"column":77}}],"line":121},"3":{"loc":{"start":{"line":127,"column":0},"end":{"line":129,"column":1}},"type":"if","locations":[{"start":{"line":127,"column":0},"end":{"line":129,"column":1}},{"start":{},"end":{}}],"line":127}},"s":{"0":0,"1":0,"2":0,"3":0,"4":0,"5":0,"6":0,"7":0,"8":0,"9":0,"10":0,"11":0,"12":0,"13":0,"14":0,"15":0,"16":0,"17":0,"18":0,"19":0,"20":0,"21":0,"22":0,"23":0,"24":0,"25":0,"26":0,"27":0,"28":0,"29":0,"30":0,"31":0},"f":{"0":0,"1":0,"2":0,"3":0,"4":0},"b":{"0":[0,0],"1":[0,0],"2":[0,0],"3":[0,0]}}
,"C:\\Users\\360WEB\\DeliveryAppMobile\\src\\services\\addressValidation.ts": {"path":"C:\\Users\\360WEB\\DeliveryAppMobile\\src\\services\\addressValidation.ts","statementMap":{"0":{"start":{"line":57,"column":36},"end":{"line":57,"column":40}},"1":{"start":{"line":60,"column":4},"end":{"line":60,"column":27}},"2":{"start":{"line":61,"column":4},"end":{"line":61,"column":21}},"3":{"start":{"line":65,"column":4},"end":{"line":69,"column":5}},"4":{"start":{"line":66,"column":6},"end":{"line":66,"column":65}},"5":{"start":{"line":68,"column":6},"end":{"line":68,"column":57}},"6":{"start":{"line":73,"column":4},"end":{"line":75,"column":5}},"7":{"start":{"line":74,"column":6},"end":{"line":74,"column":29}},"8":{"start":{"line":77,"column":4},"end":{"line":80,"column":6}},"9":{"start":{"line":87,"column":4},"end":{"line":117,"column":5}},"10":{"start":{"line":88,"column":22},"end":{"line":88,"column":49}},"11":{"start":{"line":90,"column":6},"end":{"line":92,"column":7}},"12":{"start":{"line":91,"column":8},"end":{"line":91,"column":57}},"13":{"start":{"line":94,"column":23},"end":{"line":101,"column":8}},"14":{"start":{"line":103,"column":6},"end":{"line":110,"column":7}},"15":{"start":{"line":104,"column":8},"end":{"line":106,"column":9}},"16":{"start":{"line":105,"column":10},"end":{"line":105,"column":69}},"17":{"start":{"line":108,"column":26},"end":{"line":108,"column":47}},"18":{"start":{"line":109,"column":8},"end":{"line":109,"column":84}},"19":{"start":{"line":112,"column":46},"end":{"line":112,"column":67}},"20":{"start":{"line":113,"column":6},"end":{"line":113,"column":18}},"21":{"start":{"line":115,"column":6},"end":{"line":115,"column":56}},"22":{"start":{"line":116,"column":6},"end":{"line":116,"column":18}},"23":{"start":{"line":124,"column":4},"end":{"line":141,"column":5}},"24":{"start":{"line":125,"column":22},"end":{"line":125,"column":49}},"25":{"start":{"line":127,"column":23},"end":{"line":130,"column":8}},"26":{"start":{"line":132,"column":6},"end":{"line":134,"column":7}},"27":{"start":{"line":133,"column":8},"end":{"line":133,"column":73}},"28":{"start":{"line":136,"column":41},"end":{"line":136,"column":62}},"29":{"start":{"line":137,"column":6},"end":{"line":137,"column":18}},"30":{"start":{"line":139,"column":6},"end":{"line":139,"column":54}},"31":{"start":{"line":140,"column":6},"end":{"line":140,"column":18}},"32":{"start":{"line":148,"column":4},"end":{"line":165,"column":5}},"33":{"start":{"line":149,"column":22},"end":{"line":149,"column":49}},"34":{"start":{"line":151,"column":23},"end":{"line":154,"column":8}},"35":{"start":{"line":156,"column":6},"end":{"line":158,"column":7}},"36":{"start":{"line":157,"column":8},"end":{"line":157,"column":75}},"37":{"start":{"line":160,"column":19},"end":{"line":160,"column":40}},"38":{"start":{"line":161,"column":6},"end":{"line":161,"column":18}},"39":{"start":{"line":163,"column":6},"end":{"line":163,"column":56}},"40":{"start":{"line":164,"column":6},"end":{"line":164,"column":18}},"41":{"start":{"line":180,"column":19},"end":{"line":180,"column":85}},"42":{"start":{"line":183,"column":4},"end":{"line":215,"column":5}},"43":{"start":{"line":185,"column":8},"end":{"line":190,"column":10}},"44":{"start":{"line":191,"column":8},"end":{"line":191,"column":14}},"45":{"start":{"line":193,"column":8},"end":{"line":198,"column":10}},"46":{"start":{"line":199,"column":8},"end":{"line":199,"column":14}},"47":{"start":{"line":201,"column":8},"end":{"line":206,"column":10}},"48":{"start":{"line":207,"column":8},"end":{"line":207,"column":14}},"49":{"start":{"line":209,"column":8},"end":{"line":214,"column":10}},"50":{"start":{"line":217,"column":4},"end":{"line":217,"column":29}},"51":{"start":{"line":224,"column":4},"end":{"line":226,"column":5}},"52":{"start":{"line":225,"column":6},"end":{"line":225,"column":39}},"53":{"start":{"line":229,"column":28},"end":{"line":229,"column":30}},"54":{"start":{"line":231,"column":4},"end":{"line":236,"column":5}},"55":{"start":{"line":232,"column":6},"end":{"line":232,"column":68}},"56":{"start":{"line":233,"column":6},"end":{"line":235,"column":7}},"57":{"start":{"line":234,"column":8},"end":{"line":234,"column":46}},"58":{"start":{"line":238,"column":4},"end":{"line":240,"column":5}},"59":{"start":{"line":239,"column":6},"end":{"line":239,"column":89}},"60":{"start":{"line":242,"column":4},"end":{"line":244,"column":5}},"61":{"start":{"line":243,"column":6},"end":{"line":243,"column":31}},"62":{"start":{"line":246,"column":4},"end":{"line":248,"column":5}},"63":{"start":{"line":247,"column":6},"end":{"line":247,"column":41}},"64":{"start":{"line":250,"column":4},"end":{"line":252,"column":5}},"65":{"start":{"line":251,"column":6},"end":{"line":251,"column":38}},"66":{"start":{"line":254,"column":4},"end":{"line":254,"column":74}},"67":{"start":{"line":261,"column":4},"end":{"line":261,"column":27}},"68":{"start":{"line":262,"column":4},"end":{"line":262,"column":34}},"69":{"start":{"line":269,"column":4},"end":{"line":269,"column":27}},"70":{"start":{"line":274,"column":40},"end":{"line":274,"column":70}},"71":{"start":{"line":277,"column":39},"end":{"line":284,"column":1}},"72":{"start":{"line":278,"column":2},"end":{"line":283,"column":3}},"73":{"start":{"line":279,"column":18},"end":{"line":279,"column":35}},"74":{"start":{"line":280,"column":20},"end":{"line":280,"column":37}},"75":{"start":{"line":281,"column":20},"end":{"line":281,"column":37}},"76":{"start":{"line":282,"column":13},"end":{"line":282,"column":30}},"77":{"start":{"line":286,"column":38},"end":{"line":293,"column":1}},"78":{"start":{"line":287,"column":2},"end":{"line":292,"column":3}},"79":{"start":{"line":288,"column":18},"end":{"line":288,"column":29}},"80":{"start":{"line":289,"column":20},"end":{"line":289,"column":31}},"81":{"start":{"line":290,"column":20},"end":{"line":290,"column":31}},"82":{"start":{"line":291,"column":13},"end":{"line":291,"column":24}},"83":{"start":{"line":295,"column":38},"end":{"line":303,"column":1}},"84":{"start":{"line":296,"column":2},"end":{"line":302,"column":3}},"85":{"start":{"line":297,"column":18},"end":{"line":297,"column":41}},"86":{"start":{"line":298,"column":20},"end":{"line":298,"column":43}},"87":{"start":{"line":299,"column":20},"end":{"line":299,"column":45}},"88":{"start":{"line":300,"column":20},"end":{"line":300,"column":43}},"89":{"start":{"line":301,"column":13},"end":{"line":301,"column":37}}},"fnMap":{"0":{"name":"(anonymous_0)","decl":{"start":{"line":59,"column":2},"end":{"line":59,"column":3}},"loc":{"start":{"line":59,"column":103},"end":{"line":62,"column":3}},"line":59},"1":{"name":"(anonymous_1)","decl":{"start":{"line":64,"column":2},"end":{"line":64,"column":3}},"loc":{"start":{"line":64,"column":43},"end":{"line":70,"column":3}},"line":64},"2":{"name":"(anonymous_2)","decl":{"start":{"line":72,"column":2},"end":{"line":72,"column":3}},"loc":{"start":{"line":72,"column":66},"end":{"line":81,"column":3}},"line":72},"3":{"name":"(anonymous_3)","decl":{"start":{"line":86,"column":2},"end":{"line":86,"column":3}},"loc":{"start":{"line":86,"column":95},"end":{"line":118,"column":3}},"line":86},"4":{"name":"(anonymous_4)","decl":{"start":{"line":123,"column":2},"end":{"line":123,"column":3}},"loc":{"start":{"line":123,"column":65},"end":{"line":142,"column":3}},"line":123},"5":{"name":"(anonymous_5)","decl":{"start":{"line":147,"column":2},"end":{"line":147,"column":3}},"loc":{"start":{"line":147,"column":114},"end":{"line":166,"column":3}},"line":147},"6":{"name":"(anonymous_6)","decl":{"start":{"line":171,"column":2},"end":{"line":171,"column":3}},"loc":{"start":{"line":179,"column":5},"end":{"line":218,"column":3}},"line":179},"7":{"name":"(anonymous_7)","decl":{"start":{"line":223,"column":2},"end":{"line":223,"column":3}},"loc":{"start":{"line":223,"column":70},"end":{"line":255,"column":3}},"line":223},"8":{"name":"(anonymous_8)","decl":{"start":{"line":260,"column":2},"end":{"line":260,"column":3}},"loc":{"start":{"line":260,"column":50},"end":{"line":263,"column":3}},"line":260},"9":{"name":"(anonymous_9)","decl":{"start":{"line":268,"column":2},"end":{"line":268,"column":3}},"loc":{"start":{"line":268,"column":38},"end":{"line":270,"column":3}},"line":268},"10":{"name":"(anonymous_10)","decl":{"start":{"line":277,"column":39},"end":{"line":277,"column":40}},"loc":{"start":{"line":277,"column":67},"end":{"line":284,"column":1}},"line":277},"11":{"name":"(anonymous_11)","decl":{"start":{"line":286,"column":38},"end":{"line":286,"column":39}},"loc":{"start":{"line":286,"column":66},"end":{"line":293,"column":1}},"line":286},"12":{"name":"(anonymous_12)","decl":{"start":{"line":295,"column":38},"end":{"line":295,"column":39}},"loc":{"start":{"line":295,"column":66},"end":{"line":303,"column":1}},"line":295}},"branchMap":{"0":{"loc":{"start":{"line":59,"column":14},"end":{"line":59,"column":101}},"type":"default-arg","locations":[{"start":{"line":59,"column":32},"end":{"line":59,"column":101}}],"line":59},"1":{"loc":{"start":{"line":59,"column":32},"end":{"line":59,"column":101}},"type":"binary-expr","locations":[{"start":{"line":59,"column":32},"end":{"line":59,"column":55}},{"start":{"line":59,"column":59},"end":{"line":59,"column":101}}],"line":59},"2":{"loc":{"start":{"line":73,"column":4},"end":{"line":75,"column":5}},"type":"if","locations":[{"start":{"line":73,"column":4},"end":{"line":75,"column":5}},{"start":{},"end":{}}],"line":73},"3":{"loc":{"start":{"line":79,"column":23},"end":{"line":79,"column":69}},"type":"cond-expr","locations":[{"start":{"line":79,"column":39},"end":{"line":79,"column":64}},{"start":{"line":79,"column":67},"end":{"line":79,"column":69}}],"line":79},"4":{"loc":{"start":{"line":90,"column":6},"end":{"line":92,"column":7}},"type":"if","locations":[{"start":{"line":90,"column":6},"end":{"line":92,"column":7}},{"start":{},"end":{}}],"line":90},"5":{"loc":{"start":{"line":99,"column":24},"end":{"line":99,"column":52}},"type":"binary-expr","locations":[{"start":{"line":99,"column":24},"end":{"line":99,"column":44}},{"start":{"line":99,"column":48},"end":{"line":99,"column":52}}],"line":99},"6":{"loc":{"start":{"line":103,"column":6},"end":{"line":110,"column":7}},"type":"if","locations":[{"start":{"line":103,"column":6},"end":{"line":110,"column":7}},{"start":{},"end":{}}],"line":103},"7":{"loc":{"start":{"line":104,"column":8},"end":{"line":106,"column":9}},"type":"if","locations":[{"start":{"line":104,"column":8},"end":{"line":106,"column":9}},{"start":{},"end":{}}],"line":104},"8":{"loc":{"start":{"line":109,"column":24},"end":{"line":109,"column":82}},"type":"binary-expr","locations":[{"start":{"line":109,"column":24},"end":{"line":109,"column":39}},{"start":{"line":109,"column":43},"end":{"line":109,"column":82}}],"line":109},"9":{"loc":{"start":{"line":132,"column":6},"end":{"line":134,"column":7}},"type":"if","locations":[{"start":{"line":132,"column":6},"end":{"line":134,"column":7}},{"start":{},"end":{}}],"line":132},"10":{"loc":{"start":{"line":147,"column":30},"end":{"line":147,"column":46}},"type":"default-arg","locations":[{"start":{"line":147,"column":45},"end":{"line":147,"column":46}}],"line":147},"11":{"loc":{"start":{"line":156,"column":6},"end":{"line":158,"column":7}},"type":"if","locations":[{"start":{"line":156,"column":6},"end":{"line":158,"column":7}},{"start":{},"end":{}}],"line":156},"12":{"loc":{"start":{"line":183,"column":4},"end":{"line":215,"column":5}},"type":"switch","locations":[{"start":{"line":184,"column":6},"end":{"line":191,"column":14}},{"start":{"line":192,"column":6},"end":{"line":199,"column":14}},{"start":{"line":200,"column":6},"end":{"line":207,"column":14}},{"start":{"line":208,"column":6},"end":{"line":214,"column":10}}],"line":183},"13":{"loc":{"start":{"line":224,"column":4},"end":{"line":226,"column":5}},"type":"if","locations":[{"start":{"line":224,"column":4},"end":{"line":226,"column":5}},{"start":{},"end":{}}],"line":224},"14":{"loc":{"start":{"line":231,"column":4},"end":{"line":236,"column":5}},"type":"if","locations":[{"start":{"line":231,"column":4},"end":{"line":236,"column":5}},{"start":{},"end":{}}],"line":231},"15":{"loc":{"start":{"line":231,"column":8},"end":{"line":231,"column":52}},"type":"binary-expr","locations":[{"start":{"line":231,"column":8},"end":{"line":231,"column":29}},{"start":{"line":231,"column":33},"end":{"line":231,"column":52}}],"line":231},"16":{"loc":{"start":{"line":233,"column":6},"end":{"line":235,"column":7}},"type":"if","locations":[{"start":{"line":233,"column":6},"end":{"line":235,"column":7}},{"start":{},"end":{}}],"line":233},"17":{"loc":{"start":{"line":238,"column":4},"end":{"line":240,"column":5}},"type":"if","locations":[{"start":{"line":238,"column":4},"end":{"line":240,"column":5}},{"start":{},"end":{}}],"line":238},"18":{"loc":{"start":{"line":239,"column":17},"end":{"line":239,"column":88}},"type":"cond-expr","locations":[{"start":{"line":239,"column":28},"end":{"line":239,"column":63}},{"start":{"line":239,"column":66},"end":{"line":239,"column":88}}],"line":239},"19":{"loc":{"start":{"line":242,"column":4},"end":{"line":244,"column":5}},"type":"if","locations":[{"start":{"line":242,"column":4},"end":{"line":244,"column":5}},{"start":{},"end":{}}],"line":242},"20":{"loc":{"start":{"line":246,"column":4},"end":{"line":248,"column":5}},"type":"if","locations":[{"start":{"line":246,"column":4},"end":{"line":248,"column":5}},{"start":{},"end":{}}],"line":246},"21":{"loc":{"start":{"line":250,"column":4},"end":{"line":252,"column":5}},"type":"if","locations":[{"start":{"line":250,"column":4},"end":{"line":252,"column":5}},{"start":{},"end":{}}],"line":250},"22":{"loc":{"start":{"line":254,"column":11},"end":{"line":254,"column":73}},"type":"cond-expr","locations":[{"start":{"line":254,"column":30},"end":{"line":254,"column":46}},{"start":{"line":254,"column":49},"end":{"line":254,"column":73}}],"line":254},"23":{"loc":{"start":{"line":278,"column":2},"end":{"line":283,"column":3}},"type":"switch","locations":[{"start":{"line":279,"column":4},"end":{"line":279,"column":35}},{"start":{"line":280,"column":4},"end":{"line":280,"column":37}},{"start":{"line":281,"column":4},"end":{"line":281,"column":37}},{"start":{"line":282,"column":4},"end":{"line":282,"column":30}}],"line":278},"24":{"loc":{"start":{"line":287,"column":2},"end":{"line":292,"column":3}},"type":"switch","locations":[{"start":{"line":288,"column":4},"end":{"line":288,"column":29}},{"start":{"line":289,"column":4},"end":{"line":289,"column":31}},{"start":{"line":290,"column":4},"end":{"line":290,"column":31}},{"start":{"line":291,"column":4},"end":{"line":291,"column":24}}],"line":287},"25":{"loc":{"start":{"line":296,"column":2},"end":{"line":302,"column":3}},"type":"switch","locations":[{"start":{"line":297,"column":4},"end":{"line":297,"column":41}},{"start":{"line":298,"column":4},"end":{"line":298,"column":43}},{"start":{"line":299,"column":4},"end":{"line":299,"column":45}},{"start":{"line":300,"column":4},"end":{"line":300,"column":43}},{"start":{"line":301,"column":4},"end":{"line":301,"column":37}}],"line":296}},"s":{"0":1,"1":1,"2":1,"3":3,"4":3,"5":0,"6":8,"7":2,"8":8,"9":8,"10":8,"11":8,"12":1,"13":7,"14":6,"15":1,"16":0,"17":1,"18":1,"19":5,"20":5,"21":3,"22":3,"23":0,"24":0,"25":0,"26":0,"27":0,"28":0,"29":0,"30":0,"31":0,"32":0,"33":0,"34":0,"35":0,"36":0,"37":0,"38":0,"39":0,"40":0,"41":1,"42":1,"43":1,"44":1,"45":0,"46":0,"47":0,"48":0,"49":0,"50":1,"51":2,"52":1,"53":1,"54":1,"55":0,"56":0,"57":0,"58":1,"59":0,"60":1,"61":0,"62":1,"63":0,"64":1,"65":0,"66":1,"67":0,"68":0,"69":0,"70":1,"71":1,"72":0,"73":0,"74":0,"75":0,"76":0,"77":1,"78":0,"79":0,"80":0,"81":0,"82":0,"83":1,"84":0,"85":0,"86":0,"87":0,"88":0,"89":0},"f":{"0":1,"1":3,"2":8,"3":8,"4":0,"5":0,"6":1,"7":2,"8":0,"9":0,"10":0,"11":0,"12":0},"b":{"0":[1],"1":[1,0],"2":[2,6],"3":[7,1],"4":[1,7],"5":[7,6],"6":[1,5],"7":[0,1],"8":[1,0],"9":[0,0],"10":[0],"11":[0,0],"12":[1,0,0,0],"13":[1,1],"14":[0,1],"15":[1,0],"16":[0,0],"17":[0,1],"18":[0,0],"19":[0,1],"20":[0,1],"21":[0,1],"22":[0,1],"23":[0,0,0,0],"24":[0,0,0,0],"25":[0,0,0,0,0]},"_coverageSchema":"1a1c01bbd47fc00a2c39e90264f33305004495a9","hash":"4715041f18bd7b8a4624a5d8f9f384c868954a36"}
}
