TN:
SF:src\components\AddressAutocomplete.tsx
FN:37,(anonymous_0)
FN:56,(anonymous_1)
FN:97,(anonymous_2)
FN:104,(anonymous_3)
FN:109,(anonymous_4)
FN:114,(anonymous_5)
FN:119,(anonymous_6)
FN:127,(anonymous_7)
FN:168,(anonymous_8)
FNF:9
FNH:3
FNDA:3,(anonymous_0)
FNDA:0,(anonymous_1)
FNDA:3,(anonymous_2)
FNDA:0,(anonymous_3)
FNDA:0,(anonymous_4)
FNDA:0,(anonymous_5)
FNDA:0,(anonymous_6)
FNDA:3,(anonymous_7)
FNDA:0,(anonymous_8)
DA:37,1
DA:47,3
DA:48,3
DA:49,3
DA:50,3
DA:51,3
DA:52,3
DA:55,3
DA:57,0
DA:58,0
DA:59,0
DA:60,0
DA:61,0
DA:62,0
DA:65,0
DA:66,0
DA:68,0
DA:69,0
DA:74,0
DA:75,0
DA:77,0
DA:78,0
DA:80,0
DA:81,0
DA:84,0
DA:85,0
DA:86,0
DA:87,0
DA:88,0
DA:90,0
DA:97,3
DA:98,3
DA:99,0
DA:104,3
DA:105,0
DA:109,3
DA:110,0
DA:114,3
DA:115,0
DA:119,3
DA:120,0
DA:121,0
DA:122,0
DA:127,3
DA:128,3
DA:129,0
DA:137,3
DA:138,0
DA:155,3
DA:156,0
DA:164,3
DA:168,3
DA:169,0
DA:170,0
DA:172,0
DA:175,3
DA:246,1
LF:57
LH:22
BRDA:38,0,0,2
BRDA:39,1,0,2
BRDA:40,2,0,3
BRDA:44,3,0,3
BRDA:45,4,0,3
BRDA:57,5,0,0
BRDA:57,5,1,0
BRDA:57,6,0,0
BRDA:57,6,1,0
BRDA:80,7,0,0
BRDA:80,7,1,0
BRDA:80,8,0,0
BRDA:80,8,1,0
BRDA:85,9,0,0
BRDA:85,9,1,0
BRDA:98,10,0,0
BRDA:98,10,1,3
BRDA:120,11,0,0
BRDA:120,11,1,0
BRDA:128,12,0,0
BRDA:128,12,1,3
BRDA:137,13,0,0
BRDA:137,13,1,3
BRDA:155,14,0,0
BRDA:155,14,1,3
BRDA:169,15,0,0
BRDA:169,15,1,0
BRDA:182,16,0,3
BRDA:182,16,1,0
BRDA:183,17,0,3
BRDA:183,17,1,0
BRDA:184,18,0,3
BRDA:184,18,1,0
BRDA:200,19,0,3
BRDA:200,19,1,1
BRDA:207,20,0,0
BRDA:207,20,1,1
BRDA:214,21,0,3
BRDA:214,21,1,0
BRDA:222,22,0,3
BRDA:222,22,1,0
BRDA:230,23,0,0
BRDA:230,23,1,0
BRDA:230,23,2,0
BRDA:240,24,0,3
BRDA:240,24,1,0
BRF:46
BRH:18
end_of_record
TN:
SF:src\config\api.ts
FN:14,(anonymous_0)
FN:65,(anonymous_1)
FN:99,(anonymous_2)
FN:105,(anonymous_3)
FN:108,(anonymous_4)
FN:114,(anonymous_5)
FN:149,(anonymous_6)
FN:153,(anonymous_7)
FN:156,(anonymous_8)
FN:160,(anonymous_9)
FN:176,(anonymous_10)
FN:182,(anonymous_11)
FN:195,(anonymous_12)
FN:198,(anonymous_13)
FN:212,(anonymous_14)
FNF:15
FNH:0
FNDA:0,(anonymous_0)
FNDA:0,(anonymous_1)
FNDA:0,(anonymous_2)
FNDA:0,(anonymous_3)
FNDA:0,(anonymous_4)
FNDA:0,(anonymous_5)
FNDA:0,(anonymous_6)
FNDA:0,(anonymous_7)
FNDA:0,(anonymous_8)
FNDA:0,(anonymous_9)
FNDA:0,(anonymous_10)
FNDA:0,(anonymous_11)
FNDA:0,(anonymous_12)
FNDA:0,(anonymous_13)
FNDA:0,(anonymous_14)
DA:14,0
DA:15,0
DA:23,0
DA:24,0
DA:25,0
DA:29,0
DA:32,0
DA:33,0
DA:34,0
DA:35,0
DA:36,0
DA:37,0
DA:38,0
DA:44,0
DA:45,0
DA:46,0
DA:50,0
DA:51,0
DA:52,0
DA:53,0
DA:54,0
DA:57,0
DA:61,0
DA:62,0
DA:63,0
DA:64,0
DA:65,0
DA:67,0
DA:72,0
DA:74,0
DA:75,0
DA:76,0
DA:79,0
DA:84,0
DA:88,0
DA:90,0
DA:99,0
DA:100,0
DA:105,0
DA:108,0
DA:109,0
DA:110,0
DA:114,0
DA:115,0
DA:117,0
DA:149,0
DA:153,0
DA:156,0
DA:157,0
DA:158,0
DA:159,0
DA:160,0
DA:162,0
DA:167,0
DA:168,0
DA:170,0
DA:171,0
DA:176,0
DA:177,0
DA:178,0
DA:182,0
DA:183,0
DA:184,0
DA:195,0
DA:198,0
DA:199,0
DA:200,0
DA:211,0
DA:212,0
DA:213,0
LF:70
LH:0
BRDA:23,0,0,0
BRDA:23,0,1,0
BRDA:29,1,0,0
BRDA:29,1,1,0
BRDA:33,2,0,0
BRDA:33,2,1,0
BRDA:35,3,0,0
BRDA:35,3,1,0
BRDA:35,4,0,0
BRDA:35,4,1,0
BRDA:44,5,0,0
BRDA:44,5,1,0
BRDA:52,6,0,0
BRDA:52,6,1,0
BRDA:52,7,0,0
BRDA:52,7,1,0
BRDA:74,8,0,0
BRDA:74,8,1,0
BRDA:205,9,0,0
BRDA:205,9,1,0
BRDA:211,10,0,0
BRDA:211,10,1,0
BRF:22
BRH:0
end_of_record
TN:
SF:src\config\api.ts20260103.ts
FN:10,(anonymous_0)
FN:76,(anonymous_1)
FN:79,(anonymous_2)
FN:95,(anonymous_3)
FN:115,(anonymous_4)
FNF:5
FNH:0
FNDA:0,(anonymous_0)
FNDA:0,(anonymous_1)
FNDA:0,(anonymous_2)
FNDA:0,(anonymous_3)
FNDA:0,(anonymous_4)
DA:10,0
DA:11,0
DA:18,0
DA:19,0
DA:20,0
DA:24,0
DA:25,0
DA:26,0
DA:30,0
DA:31,0
DA:36,0
DA:43,0
DA:46,0
DA:76,0
DA:77,0
DA:78,0
DA:79,0
DA:81,0
DA:86,0
DA:87,0
DA:89,0
DA:90,0
DA:95,0
DA:97,0
DA:100,0
DA:102,0
DA:106,0
DA:115,0
DA:116,0
DA:127,0
DA:128,0
LF:31
LH:0
BRDA:18,0,0,0
BRDA:18,0,1,0
BRDA:24,1,0,0
BRDA:24,1,1,0
BRDA:121,2,0,0
BRDA:121,2,1,0
BRDA:127,3,0,0
BRDA:127,3,1,0
BRF:8
BRH:0
end_of_record
TN:
SF:src\services\addressValidation.ts
FN:59,(anonymous_0)
FN:64,(anonymous_1)
FN:72,(anonymous_2)
FN:86,(anonymous_3)
FN:123,(anonymous_4)
FN:147,(anonymous_5)
FN:171,(anonymous_6)
FN:223,(anonymous_7)
FN:260,(anonymous_8)
FN:268,(anonymous_9)
FN:277,(anonymous_10)
FN:286,(anonymous_11)
FN:295,(anonymous_12)
FNF:13
FNH:6
FNDA:1,(anonymous_0)
FNDA:3,(anonymous_1)
FNDA:8,(anonymous_2)
FNDA:8,(anonymous_3)
FNDA:0,(anonymous_4)
FNDA:0,(anonymous_5)
FNDA:1,(anonymous_6)
FNDA:2,(anonymous_7)
FNDA:0,(anonymous_8)
FNDA:0,(anonymous_9)
FNDA:0,(anonymous_10)
FNDA:0,(anonymous_11)
FNDA:0,(anonymous_12)
DA:57,1
DA:60,1
DA:61,1
DA:65,3
DA:66,3
DA:68,0
DA:73,8
DA:74,2
DA:77,8
DA:87,8
DA:88,8
DA:90,8
DA:91,1
DA:94,7
DA:103,6
DA:104,1
DA:105,0
DA:108,1
DA:109,1
DA:112,5
DA:113,5
DA:115,3
DA:116,3
DA:124,0
DA:125,0
DA:127,0
DA:132,0
DA:133,0
DA:136,0
DA:137,0
DA:139,0
DA:140,0
DA:148,0
DA:149,0
DA:151,0
DA:156,0
DA:157,0
DA:160,0
DA:161,0
DA:163,0
DA:164,0
DA:180,1
DA:183,1
DA:185,1
DA:191,1
DA:193,0
DA:199,0
DA:201,0
DA:207,0
DA:209,0
DA:217,1
DA:224,2
DA:225,1
DA:229,1
DA:231,1
DA:232,0
DA:233,0
DA:234,0
DA:238,1
DA:239,0
DA:242,1
DA:243,0
DA:246,1
DA:247,0
DA:250,1
DA:251,0
DA:254,1
DA:261,0
DA:262,0
DA:269,0
DA:274,1
DA:277,1
DA:278,0
DA:279,0
DA:280,0
DA:281,0
DA:282,0
DA:286,1
DA:287,0
DA:288,0
DA:289,0
DA:290,0
DA:291,0
DA:295,1
DA:296,0
DA:297,0
DA:298,0
DA:299,0
DA:300,0
DA:301,0
LF:90
LH:39
BRDA:59,0,0,1
BRDA:59,1,0,1
BRDA:59,1,1,0
BRDA:73,2,0,2
BRDA:73,2,1,6
BRDA:79,3,0,7
BRDA:79,3,1,1
BRDA:90,4,0,1
BRDA:90,4,1,7
BRDA:99,5,0,7
BRDA:99,5,1,6
BRDA:103,6,0,1
BRDA:103,6,1,5
BRDA:104,7,0,0
BRDA:104,7,1,1
BRDA:109,8,0,1
BRDA:109,8,1,0
BRDA:132,9,0,0
BRDA:132,9,1,0
BRDA:147,10,0,0
BRDA:156,11,0,0
BRDA:156,11,1,0
BRDA:183,12,0,1
BRDA:183,12,1,0
BRDA:183,12,2,0
BRDA:183,12,3,0
BRDA:224,13,0,1
BRDA:224,13,1,1
BRDA:231,14,0,0
BRDA:231,14,1,1
BRDA:231,15,0,1
BRDA:231,15,1,0
BRDA:233,16,0,0
BRDA:233,16,1,0
BRDA:238,17,0,0
BRDA:238,17,1,1
BRDA:239,18,0,0
BRDA:239,18,1,0
BRDA:242,19,0,0
BRDA:242,19,1,1
BRDA:246,20,0,0
BRDA:246,20,1,1
BRDA:250,21,0,0
BRDA:250,21,1,1
BRDA:254,22,0,0
BRDA:254,22,1,1
BRDA:278,23,0,0
BRDA:278,23,1,0
BRDA:278,23,2,0
BRDA:278,23,3,0
BRDA:287,24,0,0
BRDA:287,24,1,0
BRDA:287,24,2,0
BRDA:287,24,3,0
BRDA:296,25,0,0
BRDA:296,25,1,0
BRDA:296,25,2,0
BRDA:296,25,3,0
BRDA:296,25,4,0
BRF:59
BRH:24
end_of_record
